<?xml version="1.0" encoding="utf-8"?><testsuites name="pytest tests"><testsuite name="pytest" errors="0" failures="0" skipped="0" tests="23" time="8.362" timestamp="2026-07-02T22:10:12.413862+00:00" hostname="agent-env-2b7effba-b348-4580-88a1-2433ec8001a1"><testcase classname="tests.backend_test.TestAuth" name="test_session_missing_header" time="0.188" /><testcase classname="tests.backend_test.TestPublic" name="test_categories_seeded" time="0.227" /><testcase classname="tests.backend_test.TestAuth" name="test_me_no_auth" time="0.145" /><testcase classname="tests.backend_test.TestPublic" name="test_ticker_12" time="0.177" /><testcase classname="tests.backend_test.TestPublic" name="test_articles_list_no_content_html" time="0.197" /><testcase classname="tests.backend_test.TestPublic" name="test_articles_featured_filter" time="0.158" /><testcase classname="tests.backend_test.TestPublic" name="test_articles_category_filter" time="0.144" /><testcase classname="tests.backend_test.TestAuth" name="test_me_bearer" time="0.634" /><testcase classname="tests.backend_test.TestPublic" name="test_articles_search_gex" time="0.176" /><testcase classname="tests.backend_test.TestAuth" name="test_logout_deletes_session" time="1.847" /><testcase classname="tests.backend_test.TestPublic" name="test_get_single_article_and_views_increment" time="0.503" /><testcase classname="tests.backend_test.TestPublic" name="test_related_articles" time="0.337" /><testcase classname="tests.backend_test.TestAdminFlow" name="test_admin_create_and_delete_category" time="1.305" /><testcase classname="tests.backend_test.TestWriterFlow" name="test_writer_create_list_update_delete" time="1.266" /><testcase classname="tests.backend_test.TestAdminFlow" name="test_admin_list_users_and_change_role" time="1.068" /><testcase classname="tests.backend_test.TestWriterFlow" name="test_writer_cannot_feature" time="0.446" /><testcase classname="tests.backend_test.TestAdminFlow" name="test_admin_can_feature" time="0.448" /><testcase classname="tests.backend_test.TestWriterFlow" name="test_create_article_invalid_category" time="0.146" /><testcase classname="tests.backend_test.TestWriterFlow" name="test_slug_uniqueness" time="2.120" /><testcase classname="tests.backend_test.TestAdminFlow" name="test_writer_my_articles_isolated" time="0.139" /><testcase classname="tests.backend_test.TestUpload" name="test_upload_no_auth" time="0.139" /><testcase classname="tests.backend_test.TestUpload" name="test_upload_png_and_download" time="0.794" /><testcase classname="tests.backend_test.TestUpload" name="test_upload_wrong_type" time="1.476" /></testsuite></testsuites>