<?xml version="1.0" encoding="utf-8"?><testsuites name="pytest tests"><testsuite name="pytest" errors="0" failures="0" skipped="0" tests="32" time="5.505" timestamp="2026-07-04T05:39:50.621179+00:00" hostname="agent-env-2b7effba-b348-4580-88a1-2433ec8001a1"><testcase classname="tests.test_oss_auth.TestAuthLogin" name="test_super_admin_login" time="0.611" /><testcase classname="tests.test_oss_auth.TestAuthRegister" name="test_register_new_user" time="0.380" /><testcase classname="tests.test_oss_auth.TestAuthRegister" name="test_register_duplicate" time="0.232" /><testcase classname="tests.test_oss_auth.TestAuthLogin" name="test_login_wrong_password" time="0.267" /><testcase classname="tests.test_oss_auth.TestAuthRegister" name="test_register_short_password" time="0.041" /><testcase classname="tests.test_oss_auth.TestAuthRegister" name="test_new_user_role_is_user" time="0.226" /><testcase classname="tests.test_oss_auth.TestForgotResetPassword" name="test_forgot_unknown_email" time="0.261" /><testcase classname="tests.test_oss_auth.TestForgotResetPassword" name="test_forgot_reset_flow_and_restore" time="1.341" /><testcase classname="tests.test_oss_auth.TestAuthLogin" name="test_me_with_token" time="0.529" /><testcase classname="tests.test_oss_auth.TestAuthLogin" name="test_me_without_token" time="0.082" /><testcase classname="tests.test_oss_auth.TestAuthLogin" name="test_me_malformed_token" time="0.266" /><testcase classname="tests.test_oss_auth.TestRBAC" name="test_user_cannot_list_users" time="0.686" /><testcase classname="tests.test_oss_auth.TestRBAC" name="test_admin_can_list_users" time="0.042" /><testcase classname="tests.test_oss_auth.TestForgotResetPassword" name="test_reset_with_invalid_token" time="0.043" /><testcase classname="tests.test_oss_auth.TestRBAC" name="test_super_admin_role_protected" time="0.082" /><testcase classname="tests.test_oss_auth.TestForgotResetPassword" name="test_access_token_cannot_be_used_as_reset" time="0.041" /><testcase classname="tests.test_oss_auth.TestArticles" name="test_articles_list" time="0.043" /><testcase classname="tests.test_oss_auth.TestRBAC" name="test_super_admin_delete_protected" time="0.086" /><testcase classname="tests.test_oss_auth.TestArticles" name="test_education_article_restricted_without_auth" time="0.043" /><testcase classname="tests.test_oss_auth.TestChangePassword" name="test_change_password_requires_auth" time="0.264" /><testcase classname="tests.test_oss_auth.TestChangePassword" name="test_change_password_wrong_current" time="0.306" /><testcase classname="tests.test_oss_auth.TestArticles" name="test_education_article_admin_full_content" time="0.530" /><testcase classname="tests.test_oss_auth.TestArticles" name="test_user_cannot_publish_article" time="1.062" /><testcase classname="tests.test_oss_auth.TestChangePassword" name="test_change_password_success" time="1.062" /><testcase classname="tests.test_oss_auth.TestUploads" name="test_upload_requires_auth" time="0.041" /><testcase classname="tests.test_oss_auth.TestGoogleOAuth" name="test_google_status_disabled" time="0.081" /><testcase classname="tests.test_oss_auth.TestUploads" name="test_upload_png_and_download" time="0.131" /><testcase classname="tests.test_oss_auth.TestGoogleOAuth" name="test_google_login_disabled" time="0.041" /><testcase classname="tests.test_oss_auth.TestProfile" name="test_update_profile" time="0.084" /><testcase classname="tests.test_oss_auth.TestUploads" name="test_upload_wrong_content_type" time="0.042" /><testcase classname="tests.test_oss_auth.TestSeed" name="test_categories_seeded" time="0.083" /><testcase classname="tests.test_oss_auth" name="test_zz_restore_super_admin_password" time="0.355" /></testsuite></testsuites>